[debug] [2025-05-02T17:36:51.707Z] ----------------------------------------------------------------------
[debug] [2025-05-02T17:36:51.715Z] Command:       C:\Program Files\nodejs\node.exe C:\Users\senth\AppData\Roaming\npm\node_modules\firebase-tools\lib\bin\firebase.js init hosting
[debug] [2025-05-02T17:36:51.715Z] CLI Version:   14.2.2
[debug] [2025-05-02T17:36:51.716Z] Platform:      win32
[debug] [2025-05-02T17:36:51.716Z] Node Version:  v23.11.0
[debug] [2025-05-02T17:36:51.716Z] Time:          Fri May 02 2025 23:06:51 GMT+0530 (India Standard Time)
[debug] [2025-05-02T17:36:51.716Z] ----------------------------------------------------------------------
[debug] 
[debug] [2025-05-02T17:36:51.899Z] > command requires scopes: ["email","openid","https://www.googleapis.com/auth/cloudplatformprojects.readonly","https://www.googleapis.com/auth/firebase","https://www.googleapis.com/auth/cloud-platform"]
[debug] [2025-05-02T17:36:51.899Z] > authorizing via signed-in user (vigneshraiml@gmail.com)
[info] 
     ######## #### ########  ######## ########     ###     ######  ########
     ##        ##  ##     ## ##       ##     ##  ##   ##  ##       ##
     ######    ##  ########  ######   ########  #########  ######  ######
     ##        ##  ##    ##  ##       ##     ## ##     ##       ## ##
     ##       #### ##     ## ######## ########  ##     ##  ######  ########

You're about to initialize a Firebase project in this directory:

  D:\SaaS\ImageAlchemist

Before we get started, keep in mind:

  * You are initializing within an existing Firebase project directory

[info] 
=== Project Setup
[info] 
[info] First, let's associate this project directory with a Firebase project.
[info] You can create multiple project aliases by running firebase use --add, 
[info] but for now we'll just set up a default project.
[info] 
[debug] [2025-05-02T17:36:51.932Z] Using project from CLI flag: trag-image-alchemist
[debug] [2025-05-02T17:36:51.933Z] Checked if tokens are valid: false, expires at: 1746206372466
[debug] [2025-05-02T17:36:51.933Z] Checked if tokens are valid: false, expires at: 1746206372466
[debug] [2025-05-02T17:36:51.933Z] > refreshing access token with scopes: []
[debug] [2025-05-02T17:36:51.935Z] >>> [apiv2][query] POST https://www.googleapis.com/oauth2/v3/token [none]
[debug] [2025-05-02T17:36:51.935Z] >>> [apiv2][body] POST https://www.googleapis.com/oauth2/v3/token [omitted]
[debug] [2025-05-02T17:36:52.823Z] <<< [apiv2][status] POST https://www.googleapis.com/oauth2/v3/token 200
[debug] [2025-05-02T17:36:52.824Z] <<< [apiv2][body] POST https://www.googleapis.com/oauth2/v3/token [omitted]
[debug] [2025-05-02T17:36:52.835Z] >>> [apiv2][query] GET https://firebase.googleapis.com/v1beta1/projects/trag-image-alchemist [none]
[debug] [2025-05-02T17:36:53.730Z] <<< [apiv2][status] GET https://firebase.googleapis.com/v1beta1/projects/trag-image-alchemist 200
[debug] [2025-05-02T17:36:53.731Z] <<< [apiv2][body] GET https://firebase.googleapis.com/v1beta1/projects/trag-image-alchemist {"projectId":"trag-image-alchemist","projectNumber":"74227540925","displayName":"Trag-Image-Alchemist","name":"projects/trag-image-alchemist","resources":{"hostingSite":"trag-image-alchemist"},"state":"ACTIVE","etag":"1_8d2d00c3-aecc-40b0-8719-4d3279062c82"}
[info] i  Using project trag-image-alchemist (Trag-Image-Alchemist) 
[info] 
=== Hosting Setup
[debug] [2025-05-02T17:36:53.739Z] Checked if tokens are valid: true, expires at: 1746211011824
[debug] [2025-05-02T17:36:53.739Z] Checked if tokens are valid: true, expires at: 1746211011824
[debug] [2025-05-02T17:36:53.740Z] >>> [apiv2][query] GET https://firebase.googleapis.com/v1beta1/projects/trag-image-alchemist [none]
[debug] [2025-05-02T17:36:54.068Z] <<< [apiv2][status] GET https://firebase.googleapis.com/v1beta1/projects/trag-image-alchemist 200
[debug] [2025-05-02T17:36:54.069Z] <<< [apiv2][body] GET https://firebase.googleapis.com/v1beta1/projects/trag-image-alchemist {"projectId":"trag-image-alchemist","projectNumber":"74227540925","displayName":"Trag-Image-Alchemist","name":"projects/trag-image-alchemist","resources":{"hostingSite":"trag-image-alchemist"},"state":"ACTIVE","etag":"1_8d2d00c3-aecc-40b0-8719-4d3279062c82"}
[info] 
[info] Your public directory is the folder (relative to your project directory) that
[info] will contain Hosting assets to be uploaded with firebase deploy. If you
[info] have a build process for your assets, use your build's output directory.
[info] 
